# JRE version: OpenJDK Runtime Environment (11.0.22+7) (build 11.0.22+7-post-Ubuntu-0ubuntu222.04.1)
# Java VM: OpenJDK 64-Bit Server VM (11.0.22+7-post-Ubuntu-0ubuntu222.04.1, mixed mode, sharing, tiered, compressed oops, g1 gc, linux-amd64)
Heap:
 garbage-first heap   total 324608K, used 268245K [0x0000000085a00000, 0x0000000100000000)
  region size 1024K, 96 young (98304K), 10 survivors (10240K)
 Metaspace       used 9542K, capacity 11079K, committed 11264K, reserved 1058816K
  class space    used 935K, capacity 1162K, committed 1280K, reserved 1048576K
GC Heap History (20 events):
Event: 14.255 GC heap before
{Heap before GC invocations=46 (full 0):
 garbage-first heap   total 324608K, used 278450K [0x0000000085a00000, 0x0000000100000000)
  region size 1024K, 121 young (123904K), 1 survivors (1024K)
 Metaspace       used 9380K, capacity 10943K, committed 11136K, reserved 1058816K
  class space    used 907K, capacity 1136K, committed 1152K, reserved 1048576K
}
Event: 14.257 GC heap after
{Heap after GC invocations=47 (full 0):
 garbage-first heap   total 324608K, used 158550K [0x0000000085a00000, 0x0000000100000000)
  region size 1024K, 4 young (4096K), 4 survivors (4096K)
 Metaspace       used 9380K, capacity 10943K, committed 11136K, reserved 1058816K
  class space    used 907K, capacity 1136K, committed 1152K, reserved 1048576K
}
Event: 14.510 GC heap before
{Heap before GC invocations=48 (full 0):
 garbage-first heap   total 324608K, used 279382K [0x0000000085a00000, 0x0000000100000000)
  region size 1024K, 122 young (124928K), 4 survivors (4096K)
 Metaspace       used 9380K, capacity 10943K, committed 11136K, reserved 1058816K
  class space    used 907K, capacity 1136K, committed 1152K, reserved 1048576K
}
Event: 14.514 GC heap after
{Heap after GC invocations=49 (full 0):
 garbage-first heap   total 324608K, used 162520K [0x0000000085a00000, 0x0000000100000000)
  region size 1024K, 8 young (8192K), 8 survivors (8192K)
 Metaspace       used 9380K, capacity 10943K, committed 11136K, reserved 1058816K
  class space    used 907K, capacity 1136K, committed 1152K, reserved 1048576K
}
Event: 14.538 GC heap before
{Heap before GC invocations=49 (full 0):
 garbage-first heap   total 324608K, used 169688K [0x0000000085a00000, 0x0000000100000000)
  region size 1024K, 15 young (15360K), 8 survivors (8192K)
 Metaspace       used 9380K, capacity 10943K, committed 11136K, reserved 1058816K
  class space    used 907K, capacity 1136K, committed 1152K, reserved 1048576K
}
Event: 14.541 GC heap after
{Heap after GC invocations=50 (full 0):
 garbage-first heap   total 324608K, used 161900K [0x0000000085a00000, 0x0000000100000000)
  region size 1024K, 1 young (1024K), 1 survivors (1024K)
 Metaspace       used 9380K, capacity 10943K, committed 11136K, reserved 1058816K
  class space    used 907K, capacity 1136K, committed 1152K, reserved 1048576K
}
Event: 14.744 GC heap before
{Heap before GC invocations=50 (full 0):
 garbage-first heap   total 324608K, used 283756K [0x0000000085a00000, 0x0000000100000000)
  region size 1024K, 116 young (118784K), 1 survivors (1024K)
 Metaspace       used 9380K, capacity 10943K, committed 11136K, reserved 1058816K
  class space    used 907K, capacity 1136K, committed 1152K, reserved 1048576K
}
Event: 14.747 GC heap after
{Heap after GC invocations=51 (full 0):
 garbage-first heap   total 324608K, used 168725K [0x0000000085a00000, 0x0000000100000000)
  region size 1024K, 4 young (4096K), 4 survivors (4096K)
 Metaspace       used 9380K, capacity 10943K, committed 11136K, reserved 1058816K
  class space    used 907K, capacity 1136K, committed 1152K, reserved 1048576K
}
Event: 14.956 GC heap before
{Heap before GC invocations=52 (full 0):
 garbage-first heap   total 324608K, used 279317K [0x0000000085a00000, 0x0000000100000000)
  region size 1024K, 112 young (114688K), 4 survivors (4096K)
 Metaspace       used 9380K, capacity 10943K, committed 11136K, reserved 1058816K
  class space    used 907K, capacity 1136K, committed 1152K, reserved 1048576K
}
Event: 14.959 GC heap after
{Heap after GC invocations=53 (full 0):
 garbage-first heap   total 324608K, used 172232K [0x0000000085a00000, 0x0000000100000000)
  region size 1024K, 8 young (8192K), 8 survivors (8192K)
 Metaspace       used 9380K, capacity 10943K, committed 11136K, reserved 1058816K
  class space    used 907K, capacity 1136K, committed 1152K, reserved 1048576K
}
Event: 14.978 GC heap before
{Heap before GC invocations=53 (full 0):
 garbage-first heap   total 324608K, used 179400K [0x0000000085a00000, 0x0000000100000000)
  region size 1024K, 15 young (15360K), 8 survivors (8192K)
 Metaspace       used 9380K, capacity 10943K, committed 11136K, reserved 1058816K
  class space    used 907K, capacity 1136K, committed 1152K, reserved 1048576K
}
Event: 14.982 GC heap after
{Heap after GC invocations=54 (full 0):
 garbage-first heap   total 324608K, used 169600K [0x0000000085a00000, 0x0000000100000000)
  region size 1024K, 1 young (1024K), 1 survivors (1024K)
 Metaspace       used 9380K, capacity 10943K, committed 11136K, reserved 1058816K
  class space    used 907K, capacity 1136K, committed 1152K, reserved 1048576K
}
Event: 15.171 GC heap before
{Heap before GC invocations=54 (full 0):
 garbage-first heap   total 324608K, used 280192K [0x0000000085a00000, 0x0000000100000000)
  region size 1024K, 109 young (111616K), 1 survivors (1024K)
 Metaspace       used 9380K, capacity 10943K, committed 11136K, reserved 1058816K
  class space    used 907K, capacity 1136K, committed 1152K, reserved 1048576K
}
Event: 15.173 GC heap after
{Heap after GC invocations=55 (full 0):
 garbage-first heap   total 324608K, used 171917K [0x0000000085a00000, 0x0000000100000000)
  region size 1024K, 4 young (4096K), 4 survivors (4096K)
 Metaspace       used 9380K, capacity 10943K, committed 11136K, reserved 1058816K
  class space    used 907K, capacity 1136K, committed 1152K, reserved 1048576K
}
Event: 15.342 GC heap before
{Heap before GC invocations=55 (full 0):
 garbage-first heap   total 324608K, used 280461K [0x0000000085a00000, 0x0000000100000000)
  region size 1024K, 110 young (112640K), 4 survivors (4096K)
 Metaspace       used 9380K, capacity 10943K, committed 11136K, reserved 1058816K
  class space    used 907K, capacity 1136K, committed 1152K, reserved 1048576K
}
Event: 15.344 GC heap after
{Heap after GC invocations=56 (full 0):
 garbage-first heap   total 324608K, used 175021K [0x0000000085a00000, 0x0000000100000000)
  region size 1024K, 7 young (7168K), 7 survivors (7168K)
 Metaspace       used 9380K, capacity 10943K, committed 11136K, reserved 1058816K
  class space    used 907K, capacity 1136K, committed 1152K, reserved 1048576K
}
Event: 15.529 GC heap before
{Heap before GC invocations=56 (full 0):
 garbage-first heap   total 324608K, used 280493K [0x0000000085a00000, 0x0000000100000000)
  region size 1024K, 110 young (112640K), 7 survivors (7168K)
 Metaspace       used 9380K, capacity 10943K, committed 11136K, reserved 1058816K
  class space    used 907K, capacity 1136K, committed 1152K, reserved 1048576K
}
Event: 15.533 GC heap after
{Heap after GC invocations=57 (full 0):
 garbage-first heap   total 324608K, used 177946K [0x0000000085a00000, 0x0000000100000000)
  region size 1024K, 10 young (10240K), 10 survivors (10240K)
 Metaspace       used 9380K, capacity 10943K, committed 11136K, reserved 1058816K
  class space    used 907K, capacity 1136K, committed 1152K, reserved 1048576K
}
Event: 15.722 GC heap before
{Heap before GC invocations=57 (full 0):
 garbage-first heap   total 324608K, used 279322K [0x0000000085a00000, 0x0000000100000000)
  region size 1024K, 109 young (111616K), 10 survivors (10240K)
 Metaspace       used 9380K, capacity 10943K, committed 11136K, reserved 1058816K
  class space    used 907K, capacity 1136K, committed 1152K, reserved 1048576K
}
Event: 15.725 GC heap after
{Heap after GC invocations=58 (full 0):
 garbage-first heap   total 324608K, used 181205K [0x0000000085a00000, 0x0000000100000000)
  region size 1024K, 10 young (10240K), 10 survivors (10240K)
 Metaspace       used 9380K, capacity 10943K, committed 11136K, reserved 1058816K
  class space    used 907K, capacity 1136K, committed 1152K, reserved 1048576K
}

