# JRE version: OpenJDK Runtime Environment (11.0.22+7) (build 11.0.22+7-post-Ubuntu-0ubuntu222.04.1)
# Java VM: OpenJDK 64-Bit Server VM (11.0.22+7-post-Ubuntu-0ubuntu222.04.1, mixed mode, sharing, tiered, compressed oops, g1 gc, linux-amd64)
Heap:
 garbage-first heap   total 256000K, used 37494K [0x0000000709800000, 0x0000000800000000)
  region size 1024K, 21 young (21504K), 5 survivors (5120K)
 Metaspace       used 7971K, capacity 9208K, committed 9600K, reserved 1056768K
  class space    used 908K, capacity 1283K, committed 1408K, reserved 1048576K
GC Heap History (14 events):
Event: 10.134 GC heap before
{Heap before GC invocations=0 (full 0):
 garbage-first heap   total 256000K, used 33488K [0x0000000709800000, 0x0000000800000000)
  region size 1024K, 24 young (24576K), 0 survivors (0K)
 Metaspace       used 7218K, capacity 8719K, committed 8960K, reserved 1056768K
  class space    used 894K, capacity 1248K, committed 1280K, reserved 1048576K
}
Event: 10.145 GC heap after
{Heap after GC invocations=1 (full 0):
 garbage-first heap   total 256000K, used 13414K [0x0000000709800000, 0x0000000800000000)
  region size 1024K, 3 young (3072K), 3 survivors (3072K)
 Metaspace       used 7218K, capacity 8719K, committed 8960K, reserved 1056768K
  class space    used 894K, capacity 1248K, committed 1280K, reserved 1048576K
}
Event: 82.057 GC heap before
{Heap before GC invocations=1 (full 0):
 garbage-first heap   total 256000K, used 169062K [0x0000000709800000, 0x0000000800000000)
  region size 1024K, 148 young (151552K), 3 survivors (3072K)
 Metaspace       used 7926K, capacity 9205K, committed 9600K, reserved 1056768K
  class space    used 908K, capacity 1283K, committed 1408K, reserved 1048576K
}
Event: 82.063 GC heap after
{Heap after GC invocations=2 (full 0):
 garbage-first heap   total 256000K, used 21853K [0x0000000709800000, 0x0000000800000000)
  region size 1024K, 5 young (5120K), 5 survivors (5120K)
 Metaspace       used 7926K, capacity 9205K, committed 9600K, reserved 1056768K
  class space    used 908K, capacity 1283K, committed 1408K, reserved 1048576K
}
Event: 84.474 GC heap before
{Heap before GC invocations=2 (full 0):
 garbage-first heap   total 256000K, used 168285K [0x0000000709800000, 0x0000000800000000)
  region size 1024K, 148 young (151552K), 5 survivors (5120K)
 Metaspace       used 7945K, capacity 9206K, committed 9600K, reserved 1056768K
  class space    used 908K, capacity 1283K, committed 1408K, reserved 1048576K
}
Event: 84.478 GC heap after
{Heap after GC invocations=3 (full 0):
 garbage-first heap   total 256000K, used 21690K [0x0000000709800000, 0x0000000800000000)
  region size 1024K, 5 young (5120K), 5 survivors (5120K)
 Metaspace       used 7945K, capacity 9206K, committed 9600K, reserved 1056768K
  class space    used 908K, capacity 1283K, committed 1408K, reserved 1048576K
}
Event: 86.799 GC heap before
{Heap before GC invocations=3 (full 0):
 garbage-first heap   total 256000K, used 168122K [0x0000000709800000, 0x0000000800000000)
  region size 1024K, 148 young (151552K), 5 survivors (5120K)
 Metaspace       used 7968K, capacity 9208K, committed 9600K, reserved 1056768K
  class space    used 908K, capacity 1283K, committed 1408K, reserved 1048576K
}
Event: 86.802 GC heap after
{Heap after GC invocations=4 (full 0):
 garbage-first heap   total 256000K, used 21786K [0x0000000709800000, 0x0000000800000000)
  region size 1024K, 5 young (5120K), 5 survivors (5120K)
 Metaspace       used 7968K, capacity 9208K, committed 9600K, reserved 1056768K
  class space    used 908K, capacity 1283K, committed 1408K, reserved 1048576K
}
Event: 88.907 GC heap before
{Heap before GC invocations=4 (full 0):
 garbage-first heap   total 256000K, used 168218K [0x0000000709800000, 0x0000000800000000)
  region size 1024K, 148 young (151552K), 5 survivors (5120K)
 Metaspace       used 7968K, capacity 9208K, committed 9600K, reserved 1056768K
  class space    used 908K, capacity 1283K, committed 1408K, reserved 1048576K
}
Event: 88.911 GC heap after
{Heap after GC invocations=5 (full 0):
 garbage-first heap   total 256000K, used 22474K [0x0000000709800000, 0x0000000800000000)
  region size 1024K, 5 young (5120K), 5 survivors (5120K)
 Metaspace       used 7968K, capacity 9208K, committed 9600K, reserved 1056768K
  class space    used 908K, capacity 1283K, committed 1408K, reserved 1048576K
}
Event: 91.133 GC heap before
{Heap before GC invocations=5 (full 0):
 garbage-first heap   total 256000K, used 168906K [0x0000000709800000, 0x0000000800000000)
  region size 1024K, 148 young (151552K), 5 survivors (5120K)
 Metaspace       used 7968K, capacity 9208K, committed 9600K, reserved 1056768K
  class space    used 908K, capacity 1283K, committed 1408K, reserved 1048576K
}
Event: 91.139 GC heap after
{Heap after GC invocations=6 (full 0):
 garbage-first heap   total 256000K, used 22135K [0x0000000709800000, 0x0000000800000000)
  region size 1024K, 5 young (5120K), 5 survivors (5120K)
 Metaspace       used 7968K, capacity 9208K, committed 9600K, reserved 1056768K
  class space    used 908K, capacity 1283K, committed 1408K, reserved 1048576K
}
Event: 93.309 GC heap before
{Heap before GC invocations=6 (full 0):
 garbage-first heap   total 256000K, used 168567K [0x0000000709800000, 0x0000000800000000)
  region size 1024K, 148 young (151552K), 5 survivors (5120K)
 Metaspace       used 7968K, capacity 9208K, committed 9600K, reserved 1056768K
  class space    used 908K, capacity 1283K, committed 1408K, reserved 1048576K
}
Event: 93.313 GC heap after
{Heap after GC invocations=7 (full 0):
 garbage-first heap   total 256000K, used 22134K [0x0000000709800000, 0x0000000800000000)
  region size 1024K, 5 young (5120K), 5 survivors (5120K)
 Metaspace       used 7968K, capacity 9208K, committed 9600K, reserved 1056768K
  class space    used 908K, capacity 1283K, committed 1408K, reserved 1048576K
}

