# JRE version: OpenJDK Runtime Environment (11.0.22+7) (build 11.0.22+7-post-Ubuntu-0ubuntu222.04.1)
# Java VM: OpenJDK 64-Bit Server VM (11.0.22+7-post-Ubuntu-0ubuntu222.04.1, mixed mode, sharing, tiered, compressed oops, g1 gc, linux-amd64)
Heap:
 garbage-first heap   total 256000K, used 167043K [0x0000000709800000, 0x0000000800000000)
  region size 1024K, 109 young (111616K), 1 survivors (1024K)
 Metaspace       used 8149K, capacity 9327K, committed 9600K, reserved 1056768K
  class space    used 933K, capacity 1321K, committed 1408K, reserved 1048576K
GC Heap History (20 events):
Event: 1251.462 GC heap before
{Heap before GC invocations=44 (full 0):
 garbage-first heap   total 256000K, used 206025K [0x0000000709800000, 0x0000000800000000)
  region size 1024K, 148 young (151552K), 3 survivors (3072K)
 Metaspace       used 8146K, capacity 9327K, committed 9600K, reserved 1056768K
  class space    used 932K, capacity 1321K, committed 1408K, reserved 1048576K
}
Event: 1251.463 GC heap after
{Heap after GC invocations=45 (full 0):
 garbage-first heap   total 256000K, used 57282K [0x0000000709800000, 0x0000000800000000)
  region size 1024K, 2 young (2048K), 2 survivors (2048K)
 Metaspace       used 8146K, capacity 9327K, committed 9600K, reserved 1056768K
  class space    used 932K, capacity 1321K, committed 1408K, reserved 1048576K
}
Event: 1252.940 GC heap before
{Heap before GC invocations=45 (full 0):
 garbage-first heap   total 256000K, used 206786K [0x0000000709800000, 0x0000000800000000)
  region size 1024K, 148 young (151552K), 2 survivors (2048K)
 Metaspace       used 8146K, capacity 9327K, committed 9600K, reserved 1056768K
  class space    used 932K, capacity 1321K, committed 1408K, reserved 1048576K
}
Event: 1252.942 GC heap after
{Heap after GC invocations=46 (full 0):
 garbage-first heap   total 256000K, used 57830K [0x0000000709800000, 0x0000000800000000)
  region size 1024K, 3 young (3072K), 3 survivors (3072K)
 Metaspace       used 8146K, capacity 9327K, committed 9600K, reserved 1056768K
  class space    used 932K, capacity 1321K, committed 1408K, reserved 1048576K
}
Event: 1254.561 GC heap before
{Heap before GC invocations=46 (full 0):
 garbage-first heap   total 256000K, used 206310K [0x0000000709800000, 0x0000000800000000)
  region size 1024K, 148 young (151552K), 3 survivors (3072K)
 Metaspace       used 8146K, capacity 9327K, committed 9600K, reserved 1056768K
  class space    used 932K, capacity 1321K, committed 1408K, reserved 1048576K
}
Event: 1254.562 GC heap after
{Heap after GC invocations=47 (full 0):
 garbage-first heap   total 256000K, used 57319K [0x0000000709800000, 0x0000000800000000)
  region size 1024K, 2 young (2048K), 2 survivors (2048K)
 Metaspace       used 8146K, capacity 9327K, committed 9600K, reserved 1056768K
  class space    used 932K, capacity 1321K, committed 1408K, reserved 1048576K
}
Event: 1255.910 GC heap before
{Heap before GC invocations=47 (full 0):
 garbage-first heap   total 256000K, used 206823K [0x0000000709800000, 0x0000000800000000)
  region size 1024K, 148 young (151552K), 2 survivors (2048K)
 Metaspace       used 8146K, capacity 9327K, committed 9600K, reserved 1056768K
  class space    used 932K, capacity 1321K, committed 1408K, reserved 1048576K
}
Event: 1255.911 GC heap after
{Heap after GC invocations=48 (full 0):
 garbage-first heap   total 256000K, used 57457K [0x0000000709800000, 0x0000000800000000)
  region size 1024K, 2 young (2048K), 2 survivors (2048K)
 Metaspace       used 8146K, capacity 9327K, committed 9600K, reserved 1056768K
  class space    used 932K, capacity 1321K, committed 1408K, reserved 1048576K
}
Event: 1257.239 GC heap before
{Heap before GC invocations=48 (full 0):
 garbage-first heap   total 256000K, used 206961K [0x0000000709800000, 0x0000000800000000)
  region size 1024K, 148 young (151552K), 2 survivors (2048K)
 Metaspace       used 8146K, capacity 9327K, committed 9600K, reserved 1056768K
  class space    used 932K, capacity 1321K, committed 1408K, reserved 1048576K
}
Event: 1257.241 GC heap after
{Heap after GC invocations=49 (full 0):
 garbage-first heap   total 256000K, used 57449K [0x0000000709800000, 0x0000000800000000)
  region size 1024K, 2 young (2048K), 2 survivors (2048K)
 Metaspace       used 8146K, capacity 9327K, committed 9600K, reserved 1056768K
  class space    used 932K, capacity 1321K, committed 1408K, reserved 1048576K
}
Event: 1258.542 GC heap before
{Heap before GC invocations=49 (full 0):
 garbage-first heap   total 256000K, used 206953K [0x0000000709800000, 0x0000000800000000)
  region size 1024K, 148 young (151552K), 2 survivors (2048K)
 Metaspace       used 8146K, capacity 9327K, committed 9600K, reserved 1056768K
  class space    used 932K, capacity 1321K, committed 1408K, reserved 1048576K
}
Event: 1258.543 GC heap after
{Heap after GC invocations=50 (full 0):
 garbage-first heap   total 256000K, used 57442K [0x0000000709800000, 0x0000000800000000)
  region size 1024K, 2 young (2048K), 2 survivors (2048K)
 Metaspace       used 8146K, capacity 9327K, committed 9600K, reserved 1056768K
  class space    used 932K, capacity 1321K, committed 1408K, reserved 1048576K
}
Event: 1259.879 GC heap before
{Heap before GC invocations=50 (full 0):
 garbage-first heap   total 256000K, used 206946K [0x0000000709800000, 0x0000000800000000)
  region size 1024K, 148 young (151552K), 2 survivors (2048K)
 Metaspace       used 8146K, capacity 9327K, committed 9600K, reserved 1056768K
  class space    used 932K, capacity 1321K, committed 1408K, reserved 1048576K
}
Event: 1259.881 GC heap after
{Heap after GC invocations=51 (full 0):
 garbage-first heap   total 256000K, used 57992K [0x0000000709800000, 0x0000000800000000)
  region size 1024K, 2 young (2048K), 2 survivors (2048K)
 Metaspace       used 8146K, capacity 9327K, committed 9600K, reserved 1056768K
  class space    used 932K, capacity 1321K, committed 1408K, reserved 1048576K
}
Event: 1261.200 GC heap before
{Heap before GC invocations=51 (full 0):
 garbage-first heap   total 256000K, used 207496K [0x0000000709800000, 0x0000000800000000)
  region size 1024K, 148 young (151552K), 2 survivors (2048K)
 Metaspace       used 8146K, capacity 9327K, committed 9600K, reserved 1056768K
  class space    used 932K, capacity 1321K, committed 1408K, reserved 1048576K
}
Event: 1261.201 GC heap after
{Heap after GC invocations=52 (full 0):
 garbage-first heap   total 256000K, used 57542K [0x0000000709800000, 0x0000000800000000)
  region size 1024K, 1 young (1024K), 1 survivors (1024K)
 Metaspace       used 8146K, capacity 9327K, committed 9600K, reserved 1056768K
  class space    used 932K, capacity 1321K, committed 1408K, reserved 1048576K
}
Event: 1262.538 GC heap before
{Heap before GC invocations=52 (full 0):
 garbage-first heap   total 256000K, used 208070K [0x0000000709800000, 0x0000000800000000)
  region size 1024K, 148 young (151552K), 1 survivors (1024K)
 Metaspace       used 8146K, capacity 9327K, committed 9600K, reserved 1056768K
  class space    used 932K, capacity 1321K, committed 1408K, reserved 1048576K
}
Event: 1262.539 GC heap after
{Heap after GC invocations=53 (full 0):
 garbage-first heap   total 256000K, used 58025K [0x0000000709800000, 0x0000000800000000)
  region size 1024K, 1 young (1024K), 1 survivors (1024K)
 Metaspace       used 8146K, capacity 9327K, committed 9600K, reserved 1056768K
  class space    used 932K, capacity 1321K, committed 1408K, reserved 1048576K
}
Event: 1264.287 GC heap before
{Heap before GC invocations=53 (full 0):
 garbage-first heap   total 256000K, used 208553K [0x0000000709800000, 0x0000000800000000)
  region size 1024K, 148 young (151552K), 1 survivors (1024K)
 Metaspace       used 8146K, capacity 9327K, committed 9600K, reserved 1056768K
  class space    used 932K, capacity 1321K, committed 1408K, reserved 1048576K
}
Event: 1264.288 GC heap after
{Heap after GC invocations=54 (full 0):
 garbage-first heap   total 256000K, used 57475K [0x0000000709800000, 0x0000000800000000)
  region size 1024K, 1 young (1024K), 1 survivors (1024K)
 Metaspace       used 8146K, capacity 9327K, committed 9600K, reserved 1056768K
  class space    used 932K, capacity 1321K, committed 1408K, reserved 1048576K
}

