# JRE version: OpenJDK Runtime Environment (11.0.22+7) (build 11.0.22+7-post-Ubuntu-0ubuntu222.04.1)
# Java VM: OpenJDK 64-Bit Server VM (11.0.22+7-post-Ubuntu-0ubuntu222.04.1, mixed mode, sharing, tiered, compressed oops, g1 gc, linux-amd64)
Heap:
 garbage-first heap   total 129024K, used 79132K [0x0000000085a00000, 0x0000000100000000)
  region size 1024K, 69 young (70656K), 4 survivors (4096K)
 Metaspace       used 7835K, capacity 9075K, committed 9216K, reserved 1056768K
  class space    used 897K, capacity 1250K, committed 1280K, reserved 1048576K
GC Heap History (6 events):
Event: 520.385 GC heap before
{Heap before GC invocations=0 (full 0):
 garbage-first heap   total 129024K, used 33488K [0x0000000085a00000, 0x0000000100000000)
  region size 1024K, 24 young (24576K), 0 survivors (0K)
 Metaspace       used 7205K, capacity 8719K, committed 8960K, reserved 1056768K
  class space    used 894K, capacity 1248K, committed 1280K, reserved 1048576K
}
Event: 520.401 GC heap after
{Heap after GC invocations=1 (full 0):
 garbage-first heap   total 129024K, used 13405K [0x0000000085a00000, 0x0000000100000000)
  region size 1024K, 3 young (3072K), 3 survivors (3072K)
 Metaspace       used 7205K, capacity 8719K, committed 8960K, reserved 1056768K
  class space    used 894K, capacity 1248K, committed 1280K, reserved 1048576K
}
Event: 523.045 GC heap before
{Heap before GC invocations=1 (full 0):
 garbage-first heap   total 129024K, used 86109K [0x0000000085a00000, 0x0000000100000000)
  region size 1024K, 74 young (75776K), 3 survivors (3072K)
 Metaspace       used 7712K, capacity 8979K, committed 9216K, reserved 1056768K
  class space    used 896K, capacity 1250K, committed 1280K, reserved 1048576K
}
Event: 523.056 GC heap after
{Heap after GC invocations=2 (full 0):
 garbage-first heap   total 129024K, used 13759K [0x0000000085a00000, 0x0000000100000000)
  region size 1024K, 4 young (4096K), 4 survivors (4096K)
 Metaspace       used 7712K, capacity 8979K, committed 9216K, reserved 1056768K
  class space    used 896K, capacity 1250K, committed 1280K, reserved 1048576K
}
Event: 585.138 GC heap before
{Heap before GC invocations=2 (full 0):
 garbage-first heap   total 129024K, used 85439K [0x0000000085a00000, 0x0000000100000000)
  region size 1024K, 74 young (75776K), 4 survivors (4096K)
 Metaspace       used 7802K, capacity 9072K, committed 9216K, reserved 1056768K
  class space    used 896K, capacity 1250K, committed 1280K, reserved 1048576K
}
Event: 585.146 GC heap after
{Heap after GC invocations=3 (full 0):
 garbage-first heap   total 129024K, used 13596K [0x0000000085a00000, 0x0000000100000000)
  region size 1024K, 4 young (4096K), 4 survivors (4096K)
 Metaspace       used 7802K, capacity 9072K, committed 9216K, reserved 1056768K
  class space    used 896K, capacity 1250K, committed 1280K, reserved 1048576K
}

